# JRE version: OpenJDK Runtime Environment (21.0.1+12) (build 21.0.1+12-29)
# Java VM: OpenJDK 64-Bit Server VM (21.0.1+12-29, mixed mode, sharing, tiered, compressed oops, compressed class ptrs, g1 gc, windows-amd64)
GC Precious Log:
 CardTable entry size: 512
 Card Set container configuration: InlinePtr #cards 5 size 8 Array Of Cards #cards 12 size 40 Howl #buckets 4 coarsen threshold 1843 Howl Bitmap #cards 512 size 80 coarsen threshold 460 Card regions per heap region 1 cards per card region 2048
 CPUs: 4 total, 4 available
 Memory: 7998M
 Large Page Support: Disabled
 NUMA Support: Disabled
 Compressed Oops: Enabled (32-bit)
 Heap Region Size: 1M
 Heap Min Capacity: 8M
 Heap Initial Capacity: 126M
 Heap Max Capacity: 2000M
 Pre-touch: Disabled
 Parallel Workers: 4
 Concurrent Workers: 1
 Concurrent Refinement Workers: 4
 Periodic GC: Disabled
Heap:
 garbage-first heap   total 119808K, used 49987K [0x0000000083000000, 0x0000000100000000)
  region size 1024K, 27 young (27648K), 10 survivors (10240K)
 Metaspace       used 26808K, committed 27264K, reserved 1114112K
  class space    used 3688K, committed 3904K, reserved 1048576K
GC Heap History (6 events):
Event: 0.729 GC heap before
{Heap before GC invocations=0 (full 0):
 garbage-first heap   total 129024K, used 12288K [0x0000000083000000, 0x0000000100000000)
  region size 1024K, 13 young (13312K), 0 survivors (0K)
 Metaspace       used 2380K, committed 2624K, reserved 1114112K
  class space    used 251K, committed 384K, reserved 1048576K
}
Event: 0.794 GC heap after
{Heap after GC invocations=1 (full 0):
 garbage-first heap   total 129024K, used 1660K [0x0000000083000000, 0x0000000100000000)
  region size 1024K, 2 young (2048K), 2 survivors (2048K)
 Metaspace       used 2380K, committed 2624K, reserved 1114112K
  class space    used 251K, committed 384K, reserved 1048576K
}
Event: 1.509 GC heap before
{Heap before GC invocations=1 (full 0):
 garbage-first heap   total 129024K, used 24188K [0x0000000083000000, 0x0000000100000000)
  region size 1024K, 25 young (25600K), 2 survivors (2048K)
 Metaspace       used 8703K, committed 8960K, reserved 1114112K
  class space    used 1113K, committed 1280K, reserved 1048576K
}
Event: 1.517 GC heap after
{Heap after GC invocations=2 (full 0):
 garbage-first heap   total 129024K, used 5152K [0x0000000083000000, 0x0000000100000000)
  region size 1024K, 4 young (4096K), 4 survivors (4096K)
 Metaspace       used 8703K, committed 8960K, reserved 1114112K
  class space    used 1113K, committed 1280K, reserved 1048576K
}
Event: 26.474 GC heap before
{Heap before GC invocations=2 (full 0):
 garbage-first heap   total 129024K, used 82976K [0x0000000083000000, 0x0000000100000000)
  region size 1024K, 60 young (61440K), 4 survivors (4096K)
 Metaspace       used 21093K, committed 21504K, reserved 1114112K
  class space    used 2980K, committed 3136K, reserved 1048576K
}
Event: 26.487 GC heap after
{Heap after GC invocations=3 (full 0):
 garbage-first heap   total 129024K, used 34627K [0x0000000083000000, 0x0000000100000000)
  region size 1024K, 10 young (10240K), 10 survivors (10240K)
 Metaspace       used 21093K, committed 21504K, reserved 1114112K
  class space    used 2980K, committed 3136K, reserved 1048576K
}

