# JRE version: OpenJDK Runtime Environment (21.0.1+12) (build 21.0.1+12-29)
# Java VM: OpenJDK 64-Bit Server VM (21.0.1+12-29, mixed mode, sharing, tiered, compressed oops, compressed class ptrs, g1 gc, windows-amd64)
GC Precious Log:
 CardTable entry size: 512
 Card Set container configuration: InlinePtr #cards 5 size 8 Array Of Cards #cards 12 size 40 Howl #buckets 4 coarsen threshold 1843 Howl Bitmap #cards 512 size 80 coarsen threshold 460 Card regions per heap region 1 cards per card region 2048
 CPUs: 4 total, 4 available
 Memory: 7998M
 Large Page Support: Disabled
 NUMA Support: Disabled
 Compressed Oops: Enabled (32-bit)
 Heap Region Size: 1M
 Heap Min Capacity: 8M
 Heap Initial Capacity: 126M
 Heap Max Capacity: 2000M
 Pre-touch: Disabled
 Parallel Workers: 4
 Concurrent Workers: 1
 Concurrent Refinement Workers: 4
 Periodic GC: Disabled
Heap:
 garbage-first heap   total 122880K, used 69100K [0x0000000083000000, 0x0000000100000000)
  region size 1024K, 39 young (39936K), 8 survivors (8192K)
 Metaspace       used 28446K, committed 28928K, reserved 1114112K
  class space    used 3988K, committed 4224K, reserved 1048576K
GC Heap History (8 events):
Event: 1.002 GC heap before
{Heap before GC invocations=0 (full 0):
 garbage-first heap   total 129024K, used 13312K [0x0000000083000000, 0x0000000100000000)
  region size 1024K, 13 young (13312K), 0 survivors (0K)
 Metaspace       used 2405K, committed 2560K, reserved 1114112K
  class space    used 248K, committed 320K, reserved 1048576K
}
Event: 1.011 GC heap after
{Heap after GC invocations=1 (full 0):
 garbage-first heap   total 129024K, used 2717K [0x0000000083000000, 0x0000000100000000)
  region size 1024K, 2 young (2048K), 2 survivors (2048K)
 Metaspace       used 2405K, committed 2560K, reserved 1114112K
  class space    used 248K, committed 320K, reserved 1048576K
}
Event: 1.836 GC heap before
{Heap before GC invocations=1 (full 0):
 garbage-first heap   total 129024K, used 22173K [0x0000000083000000, 0x0000000100000000)
  region size 1024K, 22 young (22528K), 2 survivors (2048K)
 Metaspace       used 8151K, committed 8384K, reserved 1114112K
  class space    used 1036K, committed 1152K, reserved 1048576K
}
Event: 1.841 GC heap after
{Heap after GC invocations=2 (full 0):
 garbage-first heap   total 129024K, used 4907K [0x0000000083000000, 0x0000000100000000)
  region size 1024K, 3 young (3072K), 3 survivors (3072K)
 Metaspace       used 8151K, committed 8384K, reserved 1114112K
  class space    used 1036K, committed 1152K, reserved 1048576K
}
Event: 18.282 GC heap before
{Heap before GC invocations=2 (full 0):
 garbage-first heap   total 129024K, used 68395K [0x0000000083000000, 0x0000000100000000)
  region size 1024K, 46 young (47104K), 3 survivors (3072K)
 Metaspace       used 16634K, committed 17024K, reserved 1114112K
  class space    used 2419K, committed 2624K, reserved 1048576K
}
Event: 18.290 GC heap after
{Heap after GC invocations=3 (full 0):
 garbage-first heap   total 129024K, used 29387K [0x0000000083000000, 0x0000000100000000)
  region size 1024K, 6 young (6144K), 6 survivors (6144K)
 Metaspace       used 16634K, committed 17024K, reserved 1114112K
  class space    used 2419K, committed 2624K, reserved 1048576K
}
Event: 18.782 GC heap before
{Heap before GC invocations=3 (full 0):
 garbage-first heap   total 129024K, used 47819K [0x0000000083000000, 0x0000000100000000)
  region size 1024K, 23 young (23552K), 6 survivors (6144K)
 Metaspace       used 21095K, committed 21504K, reserved 1114112K
  class space    used 2988K, committed 3200K, reserved 1048576K
}
Event: 18.791 GC heap after
{Heap after GC invocations=4 (full 0):
 garbage-first heap   total 129024K, used 35308K [0x0000000083000000, 0x0000000100000000)
  region size 1024K, 8 young (8192K), 8 survivors (8192K)
 Metaspace       used 21095K, committed 21504K, reserved 1114112K
  class space    used 2988K, committed 3200K, reserved 1048576K
}

