# JRE version: OpenJDK Runtime Environment (21.0.1+12) (build 21.0.1+12-29)
# Java VM: OpenJDK 64-Bit Server VM (21.0.1+12-29, mixed mode, sharing, tiered, compressed oops, compressed class ptrs, g1 gc, windows-amd64)
GC Precious Log:
 CardTable entry size: 512
 Card Set container configuration: InlinePtr #cards 5 size 8 Array Of Cards #cards 12 size 40 Howl #buckets 4 coarsen threshold 1843 Howl Bitmap #cards 512 size 80 coarsen threshold 460 Card regions per heap region 1 cards per card region 2048
 CPUs: 4 total, 4 available
 Memory: 7998M
 Large Page Support: Disabled
 NUMA Support: Disabled
 Compressed Oops: Enabled (32-bit)
 Heap Region Size: 1M
 Heap Min Capacity: 8M
 Heap Initial Capacity: 126M
 Heap Max Capacity: 2000M
 Pre-touch: Disabled
 Parallel Workers: 4
 Concurrent Workers: 1
 Concurrent Refinement Workers: 4
 Periodic GC: Disabled
Heap:
 garbage-first heap   total 79872K, used 73094K [0x0000000083000000, 0x0000000100000000)
  region size 1024K, 27 young (27648K), 4 survivors (4096K)
 Metaspace       used 33571K, committed 34176K, reserved 1114112K
  class space    used 4415K, committed 4672K, reserved 1048576K
GC Heap History (20 events):
Event: 0.712 GC heap before
{Heap before GC invocations=0 (full 0):
 garbage-first heap   total 129024K, used 13312K [0x0000000083000000, 0x0000000100000000)
  region size 1024K, 13 young (13312K), 0 survivors (0K)
 Metaspace       used 2410K, committed 2624K, reserved 1114112K
  class space    used 254K, committed 384K, reserved 1048576K
}
Event: 0.715 GC heap after
{Heap after GC invocations=1 (full 0):
 garbage-first heap   total 129024K, used 1758K [0x0000000083000000, 0x0000000100000000)
  region size 1024K, 2 young (2048K), 2 survivors (2048K)
 Metaspace       used 2410K, committed 2624K, reserved 1114112K
  class space    used 254K, committed 384K, reserved 1048576K
}
Event: 1.392 GC heap before
{Heap before GC invocations=1 (full 0):
 garbage-first heap   total 129024K, used 24286K [0x0000000083000000, 0x0000000100000000)
  region size 1024K, 25 young (25600K), 2 survivors (2048K)
 Metaspace       used 8685K, committed 8960K, reserved 1114112K
  class space    used 1108K, committed 1280K, reserved 1048576K
}
Event: 1.399 GC heap after
{Heap after GC invocations=2 (full 0):
 garbage-first heap   total 129024K, used 5216K [0x0000000083000000, 0x0000000100000000)
  region size 1024K, 4 young (4096K), 4 survivors (4096K)
 Metaspace       used 8685K, committed 8960K, reserved 1114112K
  class space    used 1108K, committed 1280K, reserved 1048576K
}
Event: 27.685 GC heap before
{Heap before GC invocations=2 (full 0):
 garbage-first heap   total 129024K, used 54368K [0x0000000083000000, 0x0000000100000000)
  region size 1024K, 52 young (53248K), 4 survivors (4096K)
 Metaspace       used 21147K, committed 21504K, reserved 1114112K
  class space    used 2888K, committed 3072K, reserved 1048576K
}
Event: 27.698 GC heap after
{Heap after GC invocations=3 (full 0):
 garbage-first heap   total 129024K, used 12384K [0x0000000083000000, 0x0000000100000000)
  region size 1024K, 9 young (9216K), 9 survivors (9216K)
 Metaspace       used 21147K, committed 21504K, reserved 1114112K
  class space    used 2888K, committed 3072K, reserved 1048576K
}
Event: 29.445 GC heap before
{Heap before GC invocations=4 (full 0):
 garbage-first heap   total 51200K, used 49248K [0x0000000083000000, 0x0000000100000000)
  region size 1024K, 26 young (26624K), 9 survivors (9216K)
 Metaspace       used 25746K, committed 26048K, reserved 1114112K
  class space    used 3520K, committed 3648K, reserved 1048576K
}
Event: 29.472 GC heap after
{Heap after GC invocations=5 (full 0):
 garbage-first heap   total 63488K, used 35425K [0x0000000083000000, 0x0000000100000000)
  region size 1024K, 3 young (3072K), 3 survivors (3072K)
 Metaspace       used 25746K, committed 26048K, reserved 1114112K
  class space    used 3520K, committed 3648K, reserved 1048576K
}
Event: 29.931 GC heap before
{Heap before GC invocations=5 (full 0):
 garbage-first heap   total 63488K, used 51809K [0x0000000083000000, 0x0000000100000000)
  region size 1024K, 20 young (20480K), 3 survivors (3072K)
 Metaspace       used 28849K, committed 29312K, reserved 1114112K
  class space    used 4007K, committed 4224K, reserved 1048576K
}
Event: 29.937 GC heap after
{Heap after GC invocations=6 (full 0):
 garbage-first heap   total 63488K, used 38375K [0x0000000083000000, 0x0000000100000000)
  region size 1024K, 3 young (3072K), 3 survivors (3072K)
 Metaspace       used 28849K, committed 29312K, reserved 1114112K
  class space    used 4007K, committed 4224K, reserved 1048576K
}
Event: 30.087 GC heap before
{Heap before GC invocations=6 (full 0):
 garbage-first heap   total 63488K, used 41447K [0x0000000083000000, 0x0000000100000000)
  region size 1024K, 7 young (7168K), 3 survivors (3072K)
 Metaspace       used 29172K, committed 29696K, reserved 1114112K
  class space    used 4042K, committed 4288K, reserved 1048576K
}
Event: 30.091 GC heap after
{Heap after GC invocations=7 (full 0):
 garbage-first heap   total 76800K, used 39265K [0x0000000083000000, 0x0000000100000000)
  region size 1024K, 2 young (2048K), 2 survivors (2048K)
 Metaspace       used 29172K, committed 29696K, reserved 1114112K
  class space    used 4042K, committed 4288K, reserved 1048576K
}
Event: 38.643 GC heap before
{Heap before GC invocations=8 (full 0):
 garbage-first heap   total 76800K, used 74081K [0x0000000083000000, 0x0000000100000000)
  region size 1024K, 22 young (22528K), 2 survivors (2048K)
 Metaspace       used 32101K, committed 32704K, reserved 1114112K
  class space    used 4361K, committed 4608K, reserved 1048576K
}
Event: 38.660 GC heap after
{Heap after GC invocations=9 (full 0):
 garbage-first heap   total 79872K, used 41569K [0x0000000083000000, 0x0000000100000000)
  region size 1024K, 3 young (3072K), 3 survivors (3072K)
 Metaspace       used 32101K, committed 32704K, reserved 1114112K
  class space    used 4361K, committed 4608K, reserved 1048576K
}
Event: 41.947 GC heap before
{Heap before GC invocations=9 (full 0):
 garbage-first heap   total 79872K, used 66145K [0x0000000083000000, 0x0000000100000000)
  region size 1024K, 28 young (28672K), 3 survivors (3072K)
 Metaspace       used 32700K, committed 33280K, reserved 1114112K
  class space    used 4382K, committed 4672K, reserved 1048576K
}
Event: 41.953 GC heap after
{Heap after GC invocations=10 (full 0):
 garbage-first heap   total 79872K, used 44346K [0x0000000083000000, 0x0000000100000000)
  region size 1024K, 4 young (4096K), 4 survivors (4096K)
 Metaspace       used 32700K, committed 33280K, reserved 1114112K
  class space    used 4382K, committed 4672K, reserved 1048576K
}
Event: 43.549 GC heap before
{Heap before GC invocations=10 (full 0):
 garbage-first heap   total 79872K, used 65850K [0x0000000083000000, 0x0000000100000000)
  region size 1024K, 26 young (26624K), 4 survivors (4096K)
 Metaspace       used 33156K, committed 33792K, reserved 1114112K
  class space    used 4400K, committed 4672K, reserved 1048576K
}
Event: 43.554 GC heap after
{Heap after GC invocations=11 (full 0):
 garbage-first heap   total 79872K, used 44993K [0x0000000083000000, 0x0000000100000000)
  region size 1024K, 3 young (3072K), 3 survivors (3072K)
 Metaspace       used 33156K, committed 33792K, reserved 1114112K
  class space    used 4400K, committed 4672K, reserved 1048576K
}
Event: 44.601 GC heap before
{Heap before GC invocations=12 (full 0):
 garbage-first heap   total 79872K, used 60353K [0x0000000083000000, 0x0000000100000000)
  region size 1024K, 27 young (27648K), 3 survivors (3072K)
 Metaspace       used 33308K, committed 33920K, reserved 1114112K
  class space    used 4404K, committed 4672K, reserved 1048576K
}
Event: 44.604 GC heap after
{Heap after GC invocations=13 (full 0):
 garbage-first heap   total 79872K, used 39302K [0x0000000083000000, 0x0000000100000000)
  region size 1024K, 4 young (4096K), 4 survivors (4096K)
 Metaspace       used 33308K, committed 33920K, reserved 1114112K
  class space    used 4404K, committed 4672K, reserved 1048576K
}

